Build started 11/13/2012 5:51:04 PM.
     1>Project "C:\Users\Brian\Desktop\Fall '12 - Schoolwork\CPE480 Project\Repo\SkeletonBasics-D2D\SkeletonBasics-D2D.vcxproj" on node 2 (build target(s)).
     1>InitializeBuildStatus:
         Creating "Release\SkeletonBasics-D2D.unsuccessfulbuild" because "AlwaysCreate" was specified.
       ClCompile:
         C:\Program Files (x86)\Microsoft Visual Studio 10.0\VC\bin\CL.exe /c /Zi /nologo /W3 /WX- /O2 /Oi /Oy- /GL /D WIN32 /D NDEBUG /D _WINDOWS /D _UNICODE /D UNICODE /Gm- /EHsc /MT /GS /Gy /fp:precise /Zc:wchar_t /Zc:forScope /Fo"Release\\" /Fd"Release\vc100.pdb" /Gd /TP /analyze- /errorReport:prompt SkeletonBasics.cpp
         SkeletonBasics.cpp
       ResourceCompile:
         C:\Program Files (x86)\Microsoft SDKs\Windows\v7.0A\bin\rc.exe /D _UNICODE /D UNICODE /l"0x0409" /nologo /fo"Release\SkeletonBasics.res" SkeletonBasics.rc 
       Link:
         C:\Program Files (x86)\Microsoft Visual Studio 10.0\VC\bin\link.exe /ERRORREPORT:PROMPT /OUT:"C:\Users\Brian\Desktop\Fall '12 - Schoolwork\CPE480 Project\Repo\SkeletonBasics-D2D\Release\SkeletonBasics-D2D.exe" /INCREMENTAL:NO /NOLOGO kernel32.lib user32.lib winspool.lib comdlg32.lib advapi32.lib shell32.lib ole32.lib oleaut32.lib uuid.lib odbc32.lib odbccp32.lib Kinect10.lib kernel32.lib user32.lib gdi32.lib winspool.lib comdlg32.lib advapi32.lib shell32.lib ole32.lib oleaut32.lib uuid.lib odbc32.lib odbccp32.lib /MANIFEST /ManifestFile:"Release\SkeletonBasics-D2D.exe.intermediate.manifest" /MANIFESTUAC:"level='asInvoker' uiAccess='false'" /DEBUG /PDB:"C:\Users\Brian\Desktop\Fall '12 - Schoolwork\CPE480 Project\Repo\SkeletonBasics-D2D\Release\SkeletonBasics-D2D.pdb" /SUBSYSTEM:WINDOWS /OPT:REF /OPT:ICF /LTCG /TLBID:1 /DYNAMICBASE /NXCOMPAT /IMPLIB:"C:\Users\Brian\Desktop\Fall '12 - Schoolwork\CPE480 Project\Repo\SkeletonBasics-D2D\Release\SkeletonBasics-D2D.lib" /MACHINE:X86 Release\SkeletonBasics.res
         Release\guicon.obj
         Release\Serial.obj
         Release\SkeletonBasics.obj
         Generating code
         Finished generating code
         SkeletonBasics-D2D.vcxproj -> C:\Users\Brian\Desktop\Fall '12 - Schoolwork\CPE480 Project\Repo\SkeletonBasics-D2D\Release\SkeletonBasics-D2D.exe
       Manifest:
         C:\Program Files (x86)\Microsoft SDKs\Windows\v7.0A\bin\mt.exe /nologo /verbose /outputresource:"C:\Users\Brian\Desktop\Fall '12 - Schoolwork\CPE480 Project\Repo\SkeletonBasics-D2D\Release\SkeletonBasics-D2D.exe;#1" /manifest "Release\SkeletonBasics-D2D.exe.intermediate.manifest"
       FinalizeBuildStatus:
         Deleting file "Release\SkeletonBasics-D2D.unsuccessfulbuild".
         Touching "Release\SkeletonBasics-D2D.lastbuildstate".
     1>Done Building Project "C:\Users\Brian\Desktop\Fall '12 - Schoolwork\CPE480 Project\Repo\SkeletonBasics-D2D\SkeletonBasics-D2D.vcxproj" (build target(s)).

Build succeeded.

Time Elapsed 00:00:02.08
